xilinx rtfpga
rt::do_reinfer_area_combined 0
WARNING: [Synth 8-3936] Found unconnected internal register 'B_24_pipe_reg[8]' and it is trimmed from '24' to '8' bits. [/home/digital-1/SRIP2026/Updated-FFT-Processor/generated_designs/fft_256_sol5_gen3.v:305]
WARNING: [Synth 8-3936] Found unconnected internal register 'B_24_pipe_reg[7]' and it is trimmed from '24' to '8' bits. [/home/digital-1/SRIP2026/Updated-FFT-Processor/generated_designs/fft_256_sol5_gen3.v:305]
WARNING: [Synth 8-3936] Found unconnected internal register 'B_24_pipe_reg[6]' and it is trimmed from '24' to '8' bits. [/home/digital-1/SRIP2026/Updated-FFT-Processor/generated_designs/fft_256_sol5_gen3.v:305]
WARNING: [Synth 8-3936] Found unconnected internal register 'B_24_pipe_reg[5]' and it is trimmed from '24' to '8' bits. [/home/digital-1/SRIP2026/Updated-FFT-Processor/generated_designs/fft_256_sol5_gen3.v:305]
WARNING: [Synth 8-3936] Found unconnected internal register 'B_24_pipe_reg[4]' and it is trimmed from '24' to '8' bits. [/home/digital-1/SRIP2026/Updated-FFT-Processor/generated_designs/fft_256_sol5_gen3.v:305]
WARNING: [Synth 8-3936] Found unconnected internal register 'B_24_pipe_reg[3]' and it is trimmed from '24' to '8' bits. [/home/digital-1/SRIP2026/Updated-FFT-Processor/generated_designs/fft_256_sol5_gen3.v:305]
WARNING: [Synth 8-3936] Found unconnected internal register 'B_24_pipe_reg[2]' and it is trimmed from '24' to '8' bits. [/home/digital-1/SRIP2026/Updated-FFT-Processor/generated_designs/fft_256_sol5_gen3.v:305]
WARNING: [Synth 8-3936] Found unconnected internal register 'B_24_pipe_reg[1]' and it is trimmed from '24' to '8' bits. [/home/digital-1/SRIP2026/Updated-FFT-Processor/generated_designs/fft_256_sol5_gen3.v:305]
WARNING: [Synth 8-3936] Found unconnected internal register 'B_24_pipe_reg[0]' and it is trimmed from '24' to '8' bits. [/home/digital-1/SRIP2026/Updated-FFT-Processor/generated_designs/fft_256_sol5_gen3.v:305]
DSP Report: Generating DSP idx_a, operation Mode is: C+A*B.
DSP Report: operator idx_a is absorbed into DSP idx_a.
DSP Report: operator group_offset is absorbed into DSP idx_a.
DSP Report: Generating DSP k, operation Mode is: A*B.
DSP Report: operator k is absorbed into DSP k.
INFO: [Synth 8-5546] ROM "x_start" won't be mapped to RAM because it is too sparse
INFO: [Synth 8-5546] ROM "x_start" won't be mapped to RAM because it is too sparse
DSP Report: Generating DSP p_0_out, operation Mode is: A*(B:0x65).
DSP Report: operator p_0_out is absorbed into DSP p_0_out.
DSP Report: Generating DSP m1/prod, operation Mode is: A*B.
DSP Report: operator m1/prod is absorbed into DSP m1/prod.
DSP Report: Generating DSP m2/prod, operation Mode is: A*B.
DSP Report: operator m2/prod is absorbed into DSP m2/prod.
DSP Report: Generating DSP m3/prod, operation Mode is: A*B.
DSP Report: operator m3/prod is absorbed into DSP m3/prod.
DSP Report: Generating DSP m4/prod, operation Mode is: A*B.
DSP Report: operator m4/prod is absorbed into DSP m4/prod.
