ERROR: rtl/twiddle_rom.v:21: $readmemb: Unable to open twiddles_1024.txt for reading.
WARNING: sim/tb_fft_soc.v:36: $readmemh(sim/firmware.hex): Not enough words in the file for the requested range [0:4095].
---- dumping results region ----
result[0] = 0x00003800
result[1] = 0x00003800
result[2] = 0x00003800
result[3] = 0x00003800
result[4] = 0x00003800
result[5] = 0x00003800
result[6] = 0x00003800
result[7] = 0x00003800
result[8] = 0x00003800
result[9] = 0x00003800
result[10] = 0x00003800
result[11] = 0x00003800
result[12] = 0x00003800
result[13] = 0x00003800
result[14] = 0x00003800
result[15] = 0x00003800
result[16] = 0x00003800
result[17] = 0x00003800
result[18] = 0x00003800
result[19] = 0x00003800
result[20] = 0x00003800
result[21] = 0x00003800
result[22] = 0x00003800
result[23] = 0x00003800
result[24] = 0x00003800
result[25] = 0x00003800
result[26] = 0x00003800
result[27] = 0x00003800
result[28] = 0x00003800
result[29] = 0x00003800
result[30] = 0x00003800
result[31] = 0x00003800
result[32] = 0x00003800
result[33] = 0x00003800
result[34] = 0x00003800
result[35] = 0x00003800
result[36] = 0x00003800
result[37] = 0x00003800
result[38] = 0x00003800
result[39] = 0x00003800
result[40] = 0x00003800
result[41] = 0x00003800
result[42] = 0x00003800
result[43] = 0x00003800
result[44] = 0x00003800
result[45] = 0x00003800
result[46] = 0x00003800
result[47] = 0x00003800
result[48] = 0x00003800
result[49] = 0x00003800
result[50] = 0x00003800
result[51] = 0x00003800
result[52] = 0x00003800
result[53] = 0x00003800
result[54] = 0x00003800
result[55] = 0x00003800
result[56] = 0x00003800
result[57] = 0x00003800
result[58] = 0x00003800
result[59] = 0x00003800
result[60] = 0x00003800
result[61] = 0x00003800
result[62] = 0x00003800
result[63] = 0x00003800
result[64] = 0x00003800
result[65] = 0x00003800
result[66] = 0x00003800
result[67] = 0x00003800
result[68] = 0x00003800
result[69] = 0x00003800
result[70] = 0x00003800
result[71] = 0x00003800
result[72] = 0x00003800
result[73] = 0x00003800
result[74] = 0x00003800
result[75] = 0x00003800
result[76] = 0x00003800
result[77] = 0x00003800
result[78] = 0x00003800
result[79] = 0x00003800
result[80] = 0x00003800
result[81] = 0x00003800
result[82] = 0x00003800
result[83] = 0x00003800
result[84] = 0x00003800
result[85] = 0x00003800
result[86] = 0x00003800
result[87] = 0x00003800
result[88] = 0x00003800
result[89] = 0x00003800
result[90] = 0x00003800
result[91] = 0x00003800
result[92] = 0x00003800
result[93] = 0x00003800
result[94] = 0x00003800
result[95] = 0x00003800
result[96] = 0x00003800
result[97] = 0x00003800
result[98] = 0x00003800
result[99] = 0x00003800
result[100] = 0x00003800
result[101] = 0x00003800
result[102] = 0x00003800
result[103] = 0x00003800
result[104] = 0x00003800
result[105] = 0x00003800
result[106] = 0x00003800
result[107] = 0x00003800
result[108] = 0x00003800
result[109] = 0x00003800
result[110] = 0x00003800
result[111] = 0x00003800
result[112] = 0x00003800
result[113] = 0x00003800
result[114] = 0x00003800
result[115] = 0x00003800
result[116] = 0x00003800
result[117] = 0x00003800
result[118] = 0x00003800
result[119] = 0x00003800
result[120] = 0x00003800
result[121] = 0x00003800
result[122] = 0x00003800
result[123] = 0x00003800
result[124] = 0x00003800
result[125] = 0x00003800
result[126] = 0x00003800
result[127] = 0x00003800
result[128] = 0x00003800
result[129] = 0x00003800
result[130] = 0x00003800
result[131] = 0x00003800
result[132] = 0x00003800
result[133] = 0x00003800
result[134] = 0x00003800
result[135] = 0x00003800
result[136] = 0x00003800
result[137] = 0x00003800
result[138] = 0x00003800
result[139] = 0x00003800
result[140] = 0x00003800
result[141] = 0x00003800
result[142] = 0x00003800
result[143] = 0x00003800
result[144] = 0x00003800
result[145] = 0x00003800
result[146] = 0x00003800
result[147] = 0x00003800
result[148] = 0x00003800
result[149] = 0x00003800
result[150] = 0x00003800
result[151] = 0x00003800
result[152] = 0x00003800
result[153] = 0x00003800
result[154] = 0x00003800
result[155] = 0x00003800
result[156] = 0x00003800
result[157] = 0x00003800
result[158] = 0x00003800
result[159] = 0x00003800
result[160] = 0x00003800
result[161] = 0x00003800
result[162] = 0x00003800
result[163] = 0x00003800
result[164] = 0x00003800
result[165] = 0x00003800
result[166] = 0x00003800
result[167] = 0x00003800
result[168] = 0x00003800
result[169] = 0x00003800
result[170] = 0x00003800
result[171] = 0x00003800
result[172] = 0x00003800
result[173] = 0x00003800
result[174] = 0x00003800
result[175] = 0x00003800
result[176] = 0x00003800
result[177] = 0x00003800
result[178] = 0x00003800
result[179] = 0x00003800
result[180] = 0x00003800
result[181] = 0x00003800
result[182] = 0x00003800
result[183] = 0x00003800
result[184] = 0x00003800
result[185] = 0x00003800
result[186] = 0x00003800
result[187] = 0x00003800
result[188] = 0x00003800
result[189] = 0x00003800
result[190] = 0x00003800
result[191] = 0x00003800
result[192] = 0x00003800
result[193] = 0x00003800
result[194] = 0x00003800
result[195] = 0x00003800
result[196] = 0x00003800
result[197] = 0x00003800
result[198] = 0x00003800
result[199] = 0x00003800
result[200] = 0x00003800
result[201] = 0x00003800
result[202] = 0x00003800
result[203] = 0x00003800
result[204] = 0x00003800
result[205] = 0x00003800
result[206] = 0x00003800
result[207] = 0x00003800
result[208] = 0x00003800
result[209] = 0x00003800
result[210] = 0x00003800
result[211] = 0x00003800
result[212] = 0x00003800
result[213] = 0x00003800
result[214] = 0x00003800
result[215] = 0x00003800
result[216] = 0x00003800
result[217] = 0x00003800
result[218] = 0x00003800
result[219] = 0x00003800
result[220] = 0x00003800
result[221] = 0x00003800
result[222] = 0x00003800
result[223] = 0x00003800
result[224] = 0x00003800
result[225] = 0x00003800
result[226] = 0x00003800
result[227] = 0x00003800
result[228] = 0x00003800
result[229] = 0x00003800
result[230] = 0x00003800
result[231] = 0x00003800
result[232] = 0x00003800
result[233] = 0x00003800
result[234] = 0x00003800
result[235] = 0x00003800
result[236] = 0x00003800
result[237] = 0x00003800
result[238] = 0x00003800
result[239] = 0x00003800
result[240] = 0x00003800
result[241] = 0x00003800
result[242] = 0x00003800
result[243] = 0x00003800
result[244] = 0x00003800
result[245] = 0x00003800
result[246] = 0x00003800
result[247] = 0x00003800
result[248] = 0x00003800
result[249] = 0x00003800
result[250] = 0x00003800
result[251] = 0x00003800
result[252] = 0x00003800
result[253] = 0x00003800
result[254] = 0x00003800
result[255] = 0x00003800
sim/tb_fft_soc.v:57: $finish called at 200095000 (1ps)
