xilinx rtfpga
rt::do_reinfer_area_combined 0
DSP Report: Generating DSP idx_a, operation Mode is: C+A*B.
DSP Report: operator idx_a is absorbed into DSP idx_a.
DSP Report: operator group_offset is absorbed into DSP idx_a.
DSP Report: Generating DSP k, operation Mode is: A*B.
DSP Report: operator k is absorbed into DSP k.
INFO: [Synth 8-5546] ROM "x_start" won't be mapped to RAM because it is too sparse
INFO: [Synth 8-5546] ROM "x_start" won't be mapped to RAM because it is too sparse
DSP Report: Generating DSP p_0_out, operation Mode is: A*(B:0x65).
DSP Report: operator p_0_out is absorbed into DSP p_0_out.
INFO: [Synth 8-3886] merging instance 'twiddle_gen/x_pipe_reg[0][15]' (FDC) to 'twiddle_gen/x_pipe_reg[0][1]'
INFO: [Synth 8-3886] merging instance 'twiddle_gen/y_pipe_reg[0][15]' (FDC) to 'twiddle_gen/y_pipe_reg[0][0]'
INFO: [Synth 8-3886] merging instance 'twiddle_gen/y_pipe_reg[0][0]' (FDC) to 'twiddle_gen/y_pipe_reg[0][1]'
INFO: [Synth 8-3886] merging instance 'twiddle_gen/x_pipe_reg[0][1]' (FDC) to 'twiddle_gen/x_pipe_reg[0][5]'
INFO: [Synth 8-3886] merging instance 'twiddle_gen/y_pipe_reg[0][1]' (FDC) to 'twiddle_gen/y_pipe_reg[0][2]'
INFO: [Synth 8-3886] merging instance 'twiddle_gen/x_pipe_reg[0][2]' (FDC) to 'twiddle_gen/x_pipe_reg[0][3]'
INFO: [Synth 8-3886] merging instance 'twiddle_gen/y_pipe_reg[0][2]' (FDC) to 'twiddle_gen/y_pipe_reg[0][3]'
INFO: [Synth 8-3886] merging instance 'twiddle_gen/x_pipe_reg[0][3]' (FDC) to 'twiddle_gen/x_pipe_reg[0][4]'
INFO: [Synth 8-3886] merging instance 'twiddle_gen/y_pipe_reg[0][3]' (FDC) to 'twiddle_gen/y_pipe_reg[0][4]'
INFO: [Synth 8-3886] merging instance 'twiddle_gen/x_pipe_reg[0][4]' (FDC) to 'twiddle_gen/x_pipe_reg[0][6]'
INFO: [Synth 8-3886] merging instance 'twiddle_gen/y_pipe_reg[0][4]' (FDC) to 'twiddle_gen/y_pipe_reg[0][5]'
INFO: [Synth 8-3886] merging instance 'twiddle_gen/x_pipe_reg[0][5]' (FDC) to 'twiddle_gen/x_pipe_reg[0][8]'
INFO: [Synth 8-3886] merging instance 'twiddle_gen/y_pipe_reg[0][5]' (FDC) to 'twiddle_gen/y_pipe_reg[0][6]'
INFO: [Synth 8-3886] merging instance 'twiddle_gen/x_pipe_reg[0][6]' (FDC) to 'twiddle_gen/x_pipe_reg[0][7]'
INFO: [Synth 8-3886] merging instance 'twiddle_gen/y_pipe_reg[0][6]' (FDC) to 'twiddle_gen/y_pipe_reg[0][7]'
INFO: [Synth 8-3886] merging instance 'twiddle_gen/x_pipe_reg[0][7]' (FDC) to 'twiddle_gen/x_pipe_reg[0][9]'
INFO: [Synth 8-3886] merging instance 'twiddle_gen/y_pipe_reg[0][7]' (FDC) to 'twiddle_gen/y_pipe_reg[0][8]'
INFO: [Synth 8-3886] merging instance 'twiddle_gen/x_pipe_reg[0][8]' (FDC) to 'twiddle_gen/x_pipe_reg[0][11]'
INFO: [Synth 8-3886] merging instance 'twiddle_gen/y_pipe_reg[0][8]' (FDC) to 'twiddle_gen/y_pipe_reg[0][9]'
INFO: [Synth 8-3886] merging instance 'twiddle_gen/x_pipe_reg[0][9]' (FDC) to 'twiddle_gen/x_pipe_reg[0][10]'
INFO: [Synth 8-3886] merging instance 'twiddle_gen/y_pipe_reg[0][9]' (FDC) to 'twiddle_gen/y_pipe_reg[0][10]'
INFO: [Synth 8-3886] merging instance 'twiddle_gen/x_pipe_reg[0][10]' (FDC) to 'twiddle_gen/x_pipe_reg[0][13]'
INFO: [Synth 8-3886] merging instance 'twiddle_gen/y_pipe_reg[0][10]' (FDC) to 'twiddle_gen/y_pipe_reg[0][11]'
INFO: [Synth 8-3886] merging instance 'twiddle_gen/x_pipe_reg[0][11]' (FDC) to 'twiddle_gen/x_pipe_reg[0][12]'
INFO: [Synth 8-3886] merging instance 'twiddle_gen/y_pipe_reg[0][11]' (FDC) to 'twiddle_gen/y_pipe_reg[0][12]'
INFO: [Synth 8-3886] merging instance 'twiddle_gen/x_pipe_reg[0][12]' (FDC) to 'twiddle_gen/x_pipe_reg[0][14]'
INFO: [Synth 8-3886] merging instance 'twiddle_gen/y_pipe_reg[0][12]' (FDC) to 'twiddle_gen/y_pipe_reg[0][13]'
INFO: [Synth 8-3886] merging instance 'twiddle_gen/y_pipe_reg[0][13]' (FDC) to 'twiddle_gen/y_pipe_reg[0][14]'
INFO: [Synth 8-3333] propagating constant 0 across sequential element (twiddle_gen/\y_pipe_reg[0][14] )
INFO: [Synth 8-3886] merging instance 'A_24_pipe_reg[0][3]' (FD) to 'A_24_pipe_reg[0][15]'
INFO: [Synth 8-3886] merging instance 'A_24_pipe_reg[1][3]' (FD) to 'A_24_pipe_reg[1][15]'
INFO: [Synth 8-3886] merging instance 'A_24_pipe_reg[2][3]' (FD) to 'A_24_pipe_reg[2][15]'
INFO: [Synth 8-3886] merging instance 'A_24_pipe_reg[3][3]' (FD) to 'A_24_pipe_reg[3][15]'
INFO: [Synth 8-3886] merging instance 'A_24_pipe_reg[4][3]' (FD) to 'A_24_pipe_reg[4][15]'
INFO: [Synth 8-3886] merging instance 'A_24_pipe_reg[5][3]' (FD) to 'A_24_pipe_reg[5][15]'
INFO: [Synth 8-3886] merging instance 'A_24_pipe_reg[6][3]' (FD) to 'A_24_pipe_reg[6][15]'
INFO: [Synth 8-3886] merging instance 'A_24_pipe_reg[7][3]' (FD) to 'A_24_pipe_reg[7][15]'
INFO: [Synth 8-3886] merging instance 'A_24_pipe_reg[8][3]' (FD) to 'A_24_pipe_reg[8][15]'
INFO: [Synth 8-3886] merging instance 'A_24_pipe_reg[0][23]' (FD) to 'A_24_pipe_reg[0][7]'
INFO: [Synth 8-3886] merging instance 'A_24_pipe_reg[1][23]' (FD) to 'A_24_pipe_reg[1][7]'
INFO: [Synth 8-3886] merging instance 'A_24_pipe_reg[2][23]' (FD) to 'A_24_pipe_reg[2][7]'
INFO: [Synth 8-3886] merging instance 'A_24_pipe_reg[3][23]' (FD) to 'A_24_pipe_reg[3][7]'
INFO: [Synth 8-3886] merging instance 'A_24_pipe_reg[4][23]' (FD) to 'A_24_pipe_reg[4][7]'
INFO: [Synth 8-3886] merging instance 'A_24_pipe_reg[5][23]' (FD) to 'A_24_pipe_reg[5][7]'
INFO: [Synth 8-3886] merging instance 'A_24_pipe_reg[6][23]' (FD) to 'A_24_pipe_reg[6][7]'
INFO: [Synth 8-3886] merging instance 'A_24_pipe_reg[7][23]' (FD) to 'A_24_pipe_reg[7][7]'
INFO: [Synth 8-3886] merging instance 'A_24_pipe_reg[8][23]' (FD) to 'A_24_pipe_reg[8][7]'
INFO: [Synth 8-3886] merging instance 'B_24_pipe_reg[0][23]' (FD) to 'B_24_pipe_reg[0][7]'
INFO: [Synth 8-3886] merging instance 'B_24_pipe_reg[1][23]' (FD) to 'B_24_pipe_reg[1][7]'
INFO: [Synth 8-3886] merging instance 'B_24_pipe_reg[2][23]' (FD) to 'B_24_pipe_reg[2][7]'
INFO: [Synth 8-3886] merging instance 'B_24_pipe_reg[3][23]' (FD) to 'B_24_pipe_reg[3][7]'
INFO: [Synth 8-3886] merging instance 'B_24_pipe_reg[4][23]' (FD) to 'B_24_pipe_reg[4][7]'
INFO: [Synth 8-3886] merging instance 'B_24_pipe_reg[5][23]' (FD) to 'B_24_pipe_reg[5][7]'
INFO: [Synth 8-3886] merging instance 'B_24_pipe_reg[6][23]' (FD) to 'B_24_pipe_reg[6][7]'
INFO: [Synth 8-3886] merging instance 'B_24_pipe_reg[7][23]' (FD) to 'B_24_pipe_reg[7][7]'
INFO: [Synth 8-3886] merging instance 'B_24_pipe_reg[8][23]' (FD) to 'B_24_pipe_reg[8][7]'
INFO: [Synth 8-3886] merging instance 'B_24_pipe_reg[0][15]' (FD) to 'B_24_pipe_reg[0][3]'
INFO: [Synth 8-3886] merging instance 'B_24_pipe_reg[1][15]' (FD) to 'B_24_pipe_reg[1][3]'
INFO: [Synth 8-3886] merging instance 'B_24_pipe_reg[2][15]' (FD) to 'B_24_pipe_reg[2][3]'
INFO: [Synth 8-3886] merging instance 'B_24_pipe_reg[3][15]' (FD) to 'B_24_pipe_reg[3][3]'
INFO: [Synth 8-3886] merging instance 'B_24_pipe_reg[4][15]' (FD) to 'B_24_pipe_reg[4][3]'
INFO: [Synth 8-3886] merging instance 'B_24_pipe_reg[5][15]' (FD) to 'B_24_pipe_reg[5][3]'
INFO: [Synth 8-3886] merging instance 'B_24_pipe_reg[6][15]' (FD) to 'B_24_pipe_reg[6][3]'
INFO: [Synth 8-3886] merging instance 'B_24_pipe_reg[7][15]' (FD) to 'B_24_pipe_reg[7][3]'
INFO: [Synth 8-3886] merging instance 'B_24_pipe_reg[8][15]' (FD) to 'B_24_pipe_reg[8][3]'
